Analysis & Synthesis report for ov5640_vga
Mon Mar 27 12:25:34 2023
Quartus II 64-Bit Version 13.1.0 Build 162 10/23/2013 SJ Full Version


---------------------
; Table of Contents ;
---------------------
  1. Legal Notice
  2. Analysis & Synthesis Summary
  3. Analysis & Synthesis Settings
  4. Parallel Compilation
  5. Analysis & Synthesis Source Files Read
  6. Analysis & Synthesis Resource Usage Summary
  7. Analysis & Synthesis Resource Utilization by Entity
  8. State Machine - |ov5640_top|i2c_ctrl:i2c_ctrl_inst|state
  9. User-Specified and Inferred Latches
 10. Registers Removed During Synthesis
 11. Removed Registers Triggering Further Register Optimizations
 12. General Register Statistics
 13. Inverted Register Statistics
 14. Multiplexer Restructuring Statistics (Restructuring Performed)
 15. Parameter Settings for User Entity Instance: Top-level Entity: |ov5640_top
 16. Parameter Settings for User Entity Instance: i2c_ctrl:i2c_ctrl_inst
 17. Parameter Settings for User Entity Instance: ov5640_cfg:ov5640_cfg_inst
 18. Parameter Settings for User Entity Instance: ov5640_data:ov5640_data_inst
 19. Port Connectivity Checks: "ov5640_cfg:ov5640_cfg_inst"
 20. Port Connectivity Checks: "i2c_ctrl:i2c_ctrl_inst"
 21. Elapsed Time Per Partition
 22. Analysis & Synthesis Messages
 23. Analysis & Synthesis Suppressed Messages



----------------
; Legal Notice ;
----------------
Copyright (C) 1991-2013 Altera Corporation
Your use of Altera Corporation's design tools, logic functions 
and other software and tools, and its AMPP partner logic 
functions, and any output files from any of the foregoing 
(including device programming or simulation files), and any 
associated documentation or information are expressly subject 
to the terms and conditions of the Altera Program License 
Subscription Agreement, Altera MegaCore Function License 
Agreement, or other applicable license agreement, including, 
without limitation, that your use is for the sole purpose of 
programming logic devices manufactured by Altera and sold by 
Altera or its authorized distributors.  Please refer to the 
applicable agreement for further details.



+----------------------------------------------------------------------------------+
; Analysis & Synthesis Summary                                                     ;
+------------------------------------+---------------------------------------------+
; Analysis & Synthesis Status        ; Successful - Mon Mar 27 12:25:34 2023       ;
; Quartus II 64-Bit Version          ; 13.1.0 Build 162 10/23/2013 SJ Full Version ;
; Revision Name                      ; ov5640_vga                                  ;
; Top-level Entity Name              ; ov5640_top                                  ;
; Family                             ; Cyclone IV GX                               ;
; Total logic elements               ; 106                                         ;
;     Total combinational functions  ; 88                                          ;
;     Dedicated logic registers      ; 67                                          ;
; Total registers                    ; 67                                          ;
; Total pins                         ; 34                                          ;
; Total virtual pins                 ; 0                                           ;
; Total memory bits                  ; 0                                           ;
; Embedded Multiplier 9-bit elements ; 0                                           ;
; Total GXB Receiver Channel PCS     ; 0                                           ;
; Total GXB Receiver Channel PMA     ; 0                                           ;
; Total GXB Transmitter Channel PCS  ; 0                                           ;
; Total GXB Transmitter Channel PMA  ; 0                                           ;
; Total PLLs                         ; 0                                           ;
+------------------------------------+---------------------------------------------+


+----------------------------------------------------------------------------------------------------------------------+
; Analysis & Synthesis Settings                                                                                        ;
+----------------------------------------------------------------------------+--------------------+--------------------+
; Option                                                                     ; Setting            ; Default Value      ;
+----------------------------------------------------------------------------+--------------------+--------------------+
; Top-level entity name                                                      ; ov5640_top         ; ov5640_vga         ;
; Family name                                                                ; Cyclone IV GX      ; Cyclone IV GX      ;
; Use smart compilation                                                      ; Off                ; Off                ;
; Enable parallel Assembler and TimeQuest Timing Analyzer during compilation ; On                 ; On                 ;
; Enable compact report table                                                ; Off                ; Off                ;
; Restructure Multiplexers                                                   ; Auto               ; Auto               ;
; Create Debugging Nodes for IP Cores                                        ; Off                ; Off                ;
; Preserve fewer node names                                                  ; On                 ; On                 ;
; Disable OpenCore Plus hardware evaluation                                  ; Off                ; Off                ;
; Verilog Version                                                            ; Verilog_2001       ; Verilog_2001       ;
; VHDL Version                                                               ; VHDL_1993          ; VHDL_1993          ;
; State Machine Processing                                                   ; Auto               ; Auto               ;
; Safe State Machine                                                         ; Off                ; Off                ;
; Extract Verilog State Machines                                             ; On                 ; On                 ;
; Extract VHDL State Machines                                                ; On                 ; On                 ;
; Ignore Verilog initial constructs                                          ; Off                ; Off                ;
; Iteration limit for constant Verilog loops                                 ; 5000               ; 5000               ;
; Iteration limit for non-constant Verilog loops                             ; 250                ; 250                ;
; Add Pass-Through Logic to Inferred RAMs                                    ; On                 ; On                 ;
; Infer RAMs from Raw Logic                                                  ; On                 ; On                 ;
; Parallel Synthesis                                                         ; On                 ; On                 ;
; DSP Block Balancing                                                        ; Auto               ; Auto               ;
; NOT Gate Push-Back                                                         ; On                 ; On                 ;
; Power-Up Don't Care                                                        ; On                 ; On                 ;
; Remove Redundant Logic Cells                                               ; Off                ; Off                ;
; Remove Duplicate Registers                                                 ; On                 ; On                 ;
; Ignore CARRY Buffers                                                       ; Off                ; Off                ;
; Ignore CASCADE Buffers                                                     ; Off                ; Off                ;
; Ignore GLOBAL Buffers                                                      ; Off                ; Off                ;
; Ignore ROW GLOBAL Buffers                                                  ; Off                ; Off                ;
; Ignore LCELL Buffers                                                       ; Off                ; Off                ;
; Ignore SOFT Buffers                                                        ; On                 ; On                 ;
; Limit AHDL Integers to 32 Bits                                             ; Off                ; Off                ;
; Optimization Technique                                                     ; Balanced           ; Balanced           ;
; Carry Chain Length                                                         ; 70                 ; 70                 ;
; Auto Carry Chains                                                          ; On                 ; On                 ;
; Auto Open-Drain Pins                                                       ; On                 ; On                 ;
; Perform WYSIWYG Primitive Resynthesis                                      ; Off                ; Off                ;
; Auto ROM Replacement                                                       ; On                 ; On                 ;
; Auto RAM Replacement                                                       ; On                 ; On                 ;
; Auto DSP Block Replacement                                                 ; On                 ; On                 ;
; Auto Shift Register Replacement                                            ; Auto               ; Auto               ;
; Allow Shift Register Merging across Hierarchies                            ; Auto               ; Auto               ;
; Auto Clock Enable Replacement                                              ; On                 ; On                 ;
; Strict RAM Replacement                                                     ; Off                ; Off                ;
; Allow Synchronous Control Signals                                          ; On                 ; On                 ;
; Force Use of Synchronous Clear Signals                                     ; Off                ; Off                ;
; Auto RAM Block Balancing                                                   ; On                 ; On                 ;
; Auto RAM to Logic Cell Conversion                                          ; Off                ; Off                ;
; Auto Resource Sharing                                                      ; Off                ; Off                ;
; Allow Any RAM Size For Recognition                                         ; Off                ; Off                ;
; Allow Any ROM Size For Recognition                                         ; Off                ; Off                ;
; Allow Any Shift Register Size For Recognition                              ; Off                ; Off                ;
; Use LogicLock Constraints during Resource Balancing                        ; On                 ; On                 ;
; Ignore translate_off and synthesis_off directives                          ; Off                ; Off                ;
; Timing-Driven Synthesis                                                    ; On                 ; On                 ;
; Report Parameter Settings                                                  ; On                 ; On                 ;
; Report Source Assignments                                                  ; On                 ; On                 ;
; Report Connectivity Checks                                                 ; On                 ; On                 ;
; Ignore Maximum Fan-Out Assignments                                         ; Off                ; Off                ;
; Synchronization Register Chain Length                                      ; 2                  ; 2                  ;
; PowerPlay Power Optimization                                               ; Normal compilation ; Normal compilation ;
; HDL message level                                                          ; Level2             ; Level2             ;
; Suppress Register Optimization Related Messages                            ; Off                ; Off                ;
; Number of Removed Registers Reported in Synthesis Report                   ; 5000               ; 5000               ;
; Number of Swept Nodes Reported in Synthesis Report                         ; 5000               ; 5000               ;
; Number of Inverted Registers Reported in Synthesis Report                  ; 100                ; 100                ;
; Clock MUX Protection                                                       ; On                 ; On                 ;
; Auto Gated Clock Conversion                                                ; Off                ; Off                ;
; Block Design Naming                                                        ; Auto               ; Auto               ;
; SDC constraint protection                                                  ; Off                ; Off                ;
; Synthesis Effort                                                           ; Auto               ; Auto               ;
; Shift Register Replacement - Allow Asynchronous Clear Signal               ; On                 ; On                 ;
; Pre-Mapping Resynthesis Optimization                                       ; Off                ; Off                ;
; Analysis & Synthesis Message Level                                         ; Medium             ; Medium             ;
; Disable Register Merging Across Hierarchies                                ; Auto               ; Auto               ;
; Resource Aware Inference For Block RAM                                     ; On                 ; On                 ;
; Synthesis Seed                                                             ; 1                  ; 1                  ;
+----------------------------------------------------------------------------+--------------------+--------------------+


+------------------------------------------+
; Parallel Compilation                     ;
+----------------------------+-------------+
; Processors                 ; Number      ;
+----------------------------+-------------+
; Number detected on machine ; 16          ;
; Maximum allowed            ; 16          ;
;                            ;             ;
; Average used               ; 1.00        ;
; Maximum used               ; 1           ;
;                            ;             ;
; Usage by Processor         ; % Time Used ;
;     Processor 1            ; 100.0%      ;
;     Processors 2-16        ;   0.0%      ;
+----------------------------+-------------+


+--------------------------------------------------------------------------------------------------------------------------------------------------------+
; Analysis & Synthesis Source Files Read                                                                                                                 ;
+-----------------------------------------+-----------------+------------------------+---------------------------------------------------------+---------+
; File Name with User-Entered Path        ; Used in Netlist ; File Type              ; File Name with Absolute Path                            ; Library ;
+-----------------------------------------+-----------------+------------------------+---------------------------------------------------------+---------+
; ../rtl/ov5640/ov5640_ctrl/ov5640_data.v ; yes             ; User Verilog HDL File  ; F:/CODE/ov5640_vga/rtl/ov5640/ov5640_ctrl/ov5640_data.v ;         ;
; ../rtl/ov5640/ov5640_ctrl/ov5640_cfg.v  ; yes             ; User Verilog HDL File  ; F:/CODE/ov5640_vga/rtl/ov5640/ov5640_ctrl/ov5640_cfg.v  ;         ;
; ../rtl/ov5640/ov5640_ctrl/i2c_ctrl.v    ; yes             ; User Verilog HDL File  ; F:/CODE/ov5640_vga/rtl/ov5640/ov5640_ctrl/i2c_ctrl.v    ;         ;
; ../rtl/ov5640/ov5640_top.v              ; yes             ; User Verilog HDL File  ; F:/CODE/ov5640_vga/rtl/ov5640/ov5640_top.v              ;         ;
+-----------------------------------------+-----------------+------------------------+---------------------------------------------------------+---------+


+---------------------------------------------+
; Analysis & Synthesis Resource Usage Summary ;
+--------------------------+------------------+
; Resource                 ; Usage            ;
+--------------------------+------------------+
; I/O pins                 ; 34               ;
; DSP block 9-bit elements ; 0                ;
; Maximum fan-out node     ; sys_rst_n~input  ;
; Maximum fan-out          ; 36               ;
; Total fan-out            ; 516              ;
; Average fan-out          ; 2.31             ;
+--------------------------+------------------+


+---------------------------------------------------------------------------------------------------------------------------------------------------------------------------------------------------------------------+
; Analysis & Synthesis Resource Utilization by Entity                                                                                                                                                                 ;
+-----------------------------------+-------------------+--------------+-------------+--------------+---------+-----------+-----------+------+--------------+------------------------------------------+--------------+
; Compilation Hierarchy Node        ; LC Combinationals ; LC Registers ; Memory Bits ; DSP Elements ; DSP 9x9 ; DSP 18x18 ; DSP 36x36 ; Pins ; Virtual Pins ; Full Hierarchy Name                      ; Library Name ;
+-----------------------------------+-------------------+--------------+-------------+--------------+---------+-----------+-----------+------+--------------+------------------------------------------+--------------+
; |ov5640_top                       ; 88 (1)            ; 67 (0)       ; 0           ; 0            ; 0       ; 0         ; 0         ; 34   ; 0            ; |ov5640_top                              ; work         ;
;    |i2c_ctrl:i2c_ctrl_inst|       ; 33 (33)           ; 19 (19)      ; 0           ; 0            ; 0       ; 0         ; 0         ; 0    ; 0            ; |ov5640_top|i2c_ctrl:i2c_ctrl_inst       ; work         ;
;    |ov5640_cfg:ov5640_cfg_inst|   ; 22 (22)           ; 16 (16)      ; 0           ; 0            ; 0       ; 0         ; 0         ; 0    ; 0            ; |ov5640_top|ov5640_cfg:ov5640_cfg_inst   ; work         ;
;    |ov5640_data:ov5640_data_inst| ; 32 (32)           ; 32 (32)      ; 0           ; 0            ; 0       ; 0         ; 0         ; 0    ; 0            ; |ov5640_top|ov5640_data:ov5640_data_inst ; work         ;
+-----------------------------------+-------------------+--------------+-------------+--------------+---------+-----------+-----------+------+--------------+------------------------------------------+--------------+
Note: For table entries with two numbers listed, the numbers in parentheses indicate the number of resources of the given type used by the specific entity alone. The numbers listed outside of parentheses indicate the total resources of the given type used by the specific entity and all of its sub-entities in the hierarchy.


Encoding Type:  One-Hot
+----------------------------------------------------------------------------------------------------------------------------------------------------------------------------------------------------------------------------------------------------------------------------------------+
; State Machine - |ov5640_top|i2c_ctrl:i2c_ctrl_inst|state                                                                                                                                                                                                                               ;
+---------------------+------------+-------------+---------------+-------------+--------------------+---------------+-------------+---------------+-------------+---------------------+-------------+---------------------+-------------+-------------------+---------------+------------+
; Name                ; state.STOP ; state.N_ACK ; state.RD_DATA ; state.ACK_5 ; state.SEND_RD_ADDR ; state.START_2 ; state.ACK_4 ; state.WR_DATA ; state.ACK_3 ; state.SEND_B_ADDR_L ; state.ACK_2 ; state.SEND_B_ADDR_H ; state.ACK_1 ; state.SEND_D_ADDR ; state.START_1 ; state.IDLE ;
+---------------------+------------+-------------+---------------+-------------+--------------------+---------------+-------------+---------------+-------------+---------------------+-------------+---------------------+-------------+-------------------+---------------+------------+
; state.IDLE          ; 0          ; 0           ; 0             ; 0           ; 0                  ; 0             ; 0           ; 0             ; 0           ; 0                   ; 0           ; 0                   ; 0           ; 0                 ; 0             ; 0          ;
; state.START_1       ; 0          ; 0           ; 0             ; 0           ; 0                  ; 0             ; 0           ; 0             ; 0           ; 0                   ; 0           ; 0                   ; 0           ; 0                 ; 1             ; 1          ;
; state.SEND_D_ADDR   ; 0          ; 0           ; 0             ; 0           ; 0                  ; 0             ; 0           ; 0             ; 0           ; 0                   ; 0           ; 0                   ; 0           ; 1                 ; 0             ; 1          ;
; state.ACK_1         ; 0          ; 0           ; 0             ; 0           ; 0                  ; 0             ; 0           ; 0             ; 0           ; 0                   ; 0           ; 0                   ; 1           ; 0                 ; 0             ; 1          ;
; state.SEND_B_ADDR_H ; 0          ; 0           ; 0             ; 0           ; 0                  ; 0             ; 0           ; 0             ; 0           ; 0                   ; 0           ; 1                   ; 0           ; 0                 ; 0             ; 1          ;
; state.ACK_2         ; 0          ; 0           ; 0             ; 0           ; 0                  ; 0             ; 0           ; 0             ; 0           ; 0                   ; 1           ; 0                   ; 0           ; 0                 ; 0             ; 1          ;
; state.SEND_B_ADDR_L ; 0          ; 0           ; 0             ; 0           ; 0                  ; 0             ; 0           ; 0             ; 0           ; 1                   ; 0           ; 0                   ; 0           ; 0                 ; 0             ; 1          ;
; state.ACK_3         ; 0          ; 0           ; 0             ; 0           ; 0                  ; 0             ; 0           ; 0             ; 1           ; 0                   ; 0           ; 0                   ; 0           ; 0                 ; 0             ; 1          ;
; state.WR_DATA       ; 0          ; 0           ; 0             ; 0           ; 0                  ; 0             ; 0           ; 1             ; 0           ; 0                   ; 0           ; 0                   ; 0           ; 0                 ; 0             ; 1          ;
; state.ACK_4         ; 0          ; 0           ; 0             ; 0           ; 0                  ; 0             ; 1           ; 0             ; 0           ; 0                   ; 0           ; 0                   ; 0           ; 0                 ; 0             ; 1          ;
; state.START_2       ; 0          ; 0           ; 0             ; 0           ; 0                  ; 1             ; 0           ; 0             ; 0           ; 0                   ; 0           ; 0                   ; 0           ; 0                 ; 0             ; 1          ;
; state.SEND_RD_ADDR  ; 0          ; 0           ; 0             ; 0           ; 1                  ; 0             ; 0           ; 0             ; 0           ; 0                   ; 0           ; 0                   ; 0           ; 0                 ; 0             ; 1          ;
; state.ACK_5         ; 0          ; 0           ; 0             ; 1           ; 0                  ; 0             ; 0           ; 0             ; 0           ; 0                   ; 0           ; 0                   ; 0           ; 0                 ; 0             ; 1          ;
; state.RD_DATA       ; 0          ; 0           ; 1             ; 0           ; 0                  ; 0             ; 0           ; 0             ; 0           ; 0                   ; 0           ; 0                   ; 0           ; 0                 ; 0             ; 1          ;
; state.N_ACK         ; 0          ; 1           ; 0             ; 0           ; 0                  ; 0             ; 0           ; 0             ; 0           ; 0                   ; 0           ; 0                   ; 0           ; 0                 ; 0             ; 1          ;
; state.STOP          ; 1          ; 0           ; 0             ; 0           ; 0                  ; 0             ; 0           ; 0             ; 0           ; 0                   ; 0           ; 0                   ; 0           ; 0                 ; 0             ; 1          ;
+---------------------+------------+-------------+---------------+-------------+--------------------+---------------+-------------+---------------+-------------+---------------------+-------------+---------------------+-------------+-------------------+---------------+------------+


+-------------------------------------------------------------------------------------------------------------+
; User-Specified and Inferred Latches                                                                         ;
+----------------------------------------------------+-------------------------------+------------------------+
; Latch Name                                         ; Latch Enable Signal           ; Free of Timing Hazards ;
+----------------------------------------------------+-------------------------------+------------------------+
; i2c_ctrl:i2c_ctrl_inst|ack                         ; i2c_ctrl:i2c_ctrl_inst|Equal4 ; yes                    ;
; Number of user-specified and inferred latches = 1  ;                               ;                        ;
+----------------------------------------------------+-------------------------------+------------------------+
Note: All latches listed above may not be present at the end of synthesis due to various synthesis optimizations.


+----------------------------------------------------------------------------------------------+
; Registers Removed During Synthesis                                                           ;
+--------------------------------------------+-------------------------------------------------+
; Register name                              ; Reason for Removal                              ;
+--------------------------------------------+-------------------------------------------------+
; i2c_ctrl:i2c_ctrl_inst|state~4             ; Lost fanout                                     ;
; i2c_ctrl:i2c_ctrl_inst|state~5             ; Lost fanout                                     ;
; i2c_ctrl:i2c_ctrl_inst|state~6             ; Lost fanout                                     ;
; i2c_ctrl:i2c_ctrl_inst|state~7             ; Lost fanout                                     ;
; i2c_ctrl:i2c_ctrl_inst|state.SEND_B_ADDR_H ; Stuck at GND due to stuck port data_in          ;
; i2c_ctrl:i2c_ctrl_inst|state.START_2       ; Stuck at GND due to stuck port data_in          ;
; i2c_ctrl:i2c_ctrl_inst|state.SEND_RD_ADDR  ; Stuck at GND due to stuck port data_in          ;
; i2c_ctrl:i2c_ctrl_inst|state.ACK_2         ; Stuck at GND due to stuck port data_in          ;
; i2c_ctrl:i2c_ctrl_inst|state.ACK_5         ; Stuck at GND due to stuck port data_in          ;
; i2c_ctrl:i2c_ctrl_inst|state.RD_DATA       ; Stuck at GND due to stuck port data_in          ;
; i2c_ctrl:i2c_ctrl_inst|state.N_ACK         ; Stuck at GND due to stuck port data_in          ;
; i2c_ctrl:i2c_ctrl_inst|state.STOP          ; Stuck at GND due to stuck port data_in          ;
; i2c_ctrl:i2c_ctrl_inst|state.SEND_B_ADDR_L ; Stuck at GND due to stuck port data_in          ;
; i2c_ctrl:i2c_ctrl_inst|state.WR_DATA       ; Stuck at GND due to stuck port data_in          ;
; i2c_ctrl:i2c_ctrl_inst|i2c_end             ; Stuck at GND due to stuck port data_in          ;
; ov5640_cfg:ov5640_cfg_inst|reg_num[1..7]   ; Stuck at GND due to stuck port clock            ;
; ov5640_cfg:ov5640_cfg_inst|reg_num[0]      ; Merged with ov5640_cfg:ov5640_cfg_inst|cfg_done ;
; ov5640_cfg:ov5640_cfg_inst|cfg_done        ; Stuck at GND due to stuck port data_in          ;
; i2c_ctrl:i2c_ctrl_inst|state.ACK_4         ; Stuck at GND due to stuck port data_in          ;
; i2c_ctrl:i2c_ctrl_inst|state.ACK_3         ; Stuck at GND due to stuck port data_in          ;
; Total Number of Removed Registers = 26     ;                                                 ;
+--------------------------------------------+-------------------------------------------------+


+---------------------------------------------------------------------------------------------------------------------------------------------------------+
; Removed Registers Triggering Further Register Optimizations                                                                                             ;
+--------------------------------------------+---------------------------+--------------------------------------------------------------------------------+
; Register name                              ; Reason for Removal        ; Registers Removed due to This Register                                         ;
+--------------------------------------------+---------------------------+--------------------------------------------------------------------------------+
; i2c_ctrl:i2c_ctrl_inst|state.SEND_B_ADDR_H ; Stuck at GND              ; i2c_ctrl:i2c_ctrl_inst|state.ACK_2, i2c_ctrl:i2c_ctrl_inst|state.ACK_5,        ;
;                                            ; due to stuck port data_in ; i2c_ctrl:i2c_ctrl_inst|state.RD_DATA, i2c_ctrl:i2c_ctrl_inst|state.N_ACK,      ;
;                                            ;                           ; i2c_ctrl:i2c_ctrl_inst|state.STOP, i2c_ctrl:i2c_ctrl_inst|state.SEND_B_ADDR_L, ;
;                                            ;                           ; i2c_ctrl:i2c_ctrl_inst|state.WR_DATA, i2c_ctrl:i2c_ctrl_inst|i2c_end,          ;
;                                            ;                           ; ov5640_cfg:ov5640_cfg_inst|cfg_done, i2c_ctrl:i2c_ctrl_inst|state.ACK_4,       ;
;                                            ;                           ; i2c_ctrl:i2c_ctrl_inst|state.ACK_3                                             ;
; i2c_ctrl:i2c_ctrl_inst|state.START_2       ; Stuck at GND              ; i2c_ctrl:i2c_ctrl_inst|state.SEND_RD_ADDR                                      ;
;                                            ; due to stuck port data_in ;                                                                                ;
+--------------------------------------------+---------------------------+--------------------------------------------------------------------------------+


+------------------------------------------------------+
; General Register Statistics                          ;
+----------------------------------------------+-------+
; Statistic                                    ; Value ;
+----------------------------------------------+-------+
; Total registers                              ; 67    ;
; Number of registers using Synchronous Clear  ; 0     ;
; Number of registers using Synchronous Load   ; 0     ;
; Number of registers using Asynchronous Clear ; 67    ;
; Number of registers using Asynchronous Load  ; 0     ;
; Number of registers using Clock Enable       ; 30    ;
; Number of registers using Preset             ; 0     ;
+----------------------------------------------+-------+


+--------------------------------------------------+
; Inverted Register Statistics                     ;
+----------------------------------------+---------+
; Inverted Register                      ; Fan out ;
+----------------------------------------+---------+
; i2c_ctrl:i2c_ctrl_inst|i2c_clk         ; 27      ;
; Total number of inverted registers = 1 ;         ;
+----------------------------------------+---------+


+-------------------------------------------------------------------------------------------------------------------------------------------------------------+
; Multiplexer Restructuring Statistics (Restructuring Performed)                                                                                              ;
+--------------------+-----------+---------------+----------------------+------------------------+------------+-----------------------------------------------+
; Multiplexer Inputs ; Bus Width ; Baseline Area ; Area if Restructured ; Saving if Restructured ; Registered ; Example Multiplexer Output                    ;
+--------------------+-----------+---------------+----------------------+------------------------+------------+-----------------------------------------------+
; 4:1                ; 3 bits    ; 6 LEs         ; 3 LEs                ; 3 LEs                  ; Yes        ; |ov5640_top|i2c_ctrl:i2c_ctrl_inst|cnt_bit[0] ;
+--------------------+-----------+---------------+----------------------+------------------------+------------+-----------------------------------------------+


+----------------------------------------------------------------------------+
; Parameter Settings for User Entity Instance: Top-level Entity: |ov5640_top ;
+----------------+----------------------------+------------------------------+
; Parameter Name ; Value                      ; Type                         ;
+----------------+----------------------------+------------------------------+
; SLAVE_ADDR     ; 0100001                    ; Unsigned Binary              ;
; BIT_CTRL       ; 0                          ; Unsigned Binary              ;
; CLK_FREQ       ; 10111110101111000010000000 ; Unsigned Binary              ;
; I2C_FREQ       ; 111101000010010000         ; Unsigned Binary              ;
+----------------+----------------------------+------------------------------+
Note: In order to hide this table in the UI and the text report file, please set the "Show Parameter Settings in Synthesis Report" option in "Analysis and Synthesis Settings -> More Settings" to "Off".


+---------------------------------------------------------------------+
; Parameter Settings for User Entity Instance: i2c_ctrl:i2c_ctrl_inst ;
+----------------+----------------------------+-----------------------+
; Parameter Name ; Value                      ; Type                  ;
+----------------+----------------------------+-----------------------+
; DEVICE_ADDR    ; 0100001                    ; Unsigned Binary       ;
; SYS_CLK_FREQ   ; 10111110101111000010000000 ; Unsigned Binary       ;
; SCL_FREQ       ; 111101000010010000         ; Unsigned Binary       ;
+----------------+----------------------------+-----------------------+
Note: In order to hide this table in the UI and the text report file, please set the "Show Parameter Settings in Synthesis Report" option in "Analysis and Synthesis Settings -> More Settings" to "Off".


+-------------------------------------------------------------------------+
; Parameter Settings for User Entity Instance: ov5640_cfg:ov5640_cfg_inst ;
+----------------+-----------------+--------------------------------------+
; Parameter Name ; Value           ; Type                                 ;
+----------------+-----------------+--------------------------------------+
; REG_NUM        ; 11111011        ; Unsigned Binary                      ;
; CNT_WAIT_MAX   ; 100111000100000 ; Unsigned Binary                      ;
+----------------+-----------------+--------------------------------------+
Note: In order to hide this table in the UI and the text report file, please set the "Show Parameter Settings in Synthesis Report" option in "Analysis and Synthesis Settings -> More Settings" to "Off".


+---------------------------------------------------------------------------+
; Parameter Settings for User Entity Instance: ov5640_data:ov5640_data_inst ;
+----------------+-------+--------------------------------------------------+
; Parameter Name ; Value ; Type                                             ;
+----------------+-------+--------------------------------------------------+
; PIC_WAIT       ; 1010  ; Unsigned Binary                                  ;
+----------------+-------+--------------------------------------------------+
Note: In order to hide this table in the UI and the text report file, please set the "Show Parameter Settings in Synthesis Report" option in "Analysis and Synthesis Settings -> More Settings" to "Off".


+----------------------------------------------------------------------------------------------------------------------------+
; Port Connectivity Checks: "ov5640_cfg:ov5640_cfg_inst"                                                                     ;
+------------------+--------+----------+-------------------------------------------------------------------------------------+
; Port             ; Type   ; Severity ; Details                                                                             ;
+------------------+--------+----------+-------------------------------------------------------------------------------------+
; cfg_data[23..16] ; Output ; Info     ; Connected to dangling logic. Logic that only feeds a dangling port will be removed. ;
+------------------+--------+----------+-------------------------------------------------------------------------------------+


+-------------------------------------------------------------------------------------------------------------------------------------------------------------------------------------+
; Port Connectivity Checks: "i2c_ctrl:i2c_ctrl_inst"                                                                                                                                  ;
+-----------+--------+----------+-----------------------------------------------------------------------------------------------------------------------------------------------------+
; Port      ; Type   ; Severity ; Details                                                                                                                                             ;
+-----------+--------+----------+-----------------------------------------------------------------------------------------------------------------------------------------------------+
; wr_en     ; Input  ; Info     ; Stuck at VCC                                                                                                                                        ;
; rd_en     ; Input  ; Info     ; Explicitly unconnected                                                                                                                              ;
; addr_num  ; Input  ; Info     ; Stuck at GND                                                                                                                                        ;
; byte_addr ; Input  ; Warning  ; Input port expression (8 bits) is smaller than the input port (16 bits) it drives.  Extra input bit(s) "byte_addr[15..8]" will be connected to GND. ;
; rd_data   ; Output ; Info     ; Explicitly unconnected                                                                                                                              ;
+-----------+--------+----------+-----------------------------------------------------------------------------------------------------------------------------------------------------+


+-------------------------------+
; Elapsed Time Per Partition    ;
+----------------+--------------+
; Partition Name ; Elapsed Time ;
+----------------+--------------+
; Top            ; 00:00:00     ;
+----------------+--------------+


+-------------------------------+
; Analysis & Synthesis Messages ;
+-------------------------------+
Info: *******************************************************************
Info: Running Quartus II 64-Bit Analysis & Synthesis
    Info: Version 13.1.0 Build 162 10/23/2013 SJ Full Version
    Info: Processing started: Mon Mar 27 12:25:32 2023
Info: Command: quartus_map --read_settings_files=on --write_settings_files=off ov5640_vga -c ov5640_vga
Info (20030): Parallel compilation is enabled and will use 16 of the 16 processors detected
Info (12021): Found 1 design units, including 1 entities, in source file /code/ov5640_vga/rtl/ov5640/ov5640_ctrl/ov5640_data.v
    Info (12023): Found entity 1: ov5640_data
Info (12021): Found 1 design units, including 1 entities, in source file /code/ov5640_vga/rtl/ov5640/ov5640_ctrl/ov5640_cfg.v
    Info (12023): Found entity 1: ov5640_cfg
Info (12021): Found 1 design units, including 1 entities, in source file /code/ov5640_vga/rtl/ov5640/ov5640_ctrl/i2c_ctrl.v
    Info (12023): Found entity 1: i2c_ctrl
Info (12021): Found 1 design units, including 1 entities, in source file /code/ov5640_vga/rtl/ov5640/ov5640_top.v
    Info (12023): Found entity 1: ov5640_top
Info (12021): Found 1 design units, including 1 entities, in source file /code/ov5640_vga/sim/tb_ov5640_top.v
    Info (12023): Found entity 1: tb_ov5640_top
Warning (10222): Verilog HDL Parameter Declaration warning at i2c_ctrl.v(30): Parameter Declaration in module "i2c_ctrl" behaves as a Local Parameter Declaration because the module has a Module Parameter Port List
Warning (10222): Verilog HDL Parameter Declaration warning at i2c_ctrl.v(33): Parameter Declaration in module "i2c_ctrl" behaves as a Local Parameter Declaration because the module has a Module Parameter Port List
Warning (10222): Verilog HDL Parameter Declaration warning at i2c_ctrl.v(50): Parameter Declaration in module "i2c_ctrl" behaves as a Local Parameter Declaration because the module has a Module Parameter Port List
Info (12127): Elaborating entity "ov5640_top" for the top level hierarchy
Info (12128): Elaborating entity "i2c_ctrl" for hierarchy "i2c_ctrl:i2c_ctrl_inst"
Info (10264): Verilog HDL Case Statement information at i2c_ctrl.v(224): all case item expressions in this case statement are onehot
Warning (10240): Verilog HDL Always Construct warning at i2c_ctrl.v(224): inferring latch(es) for variable "ack", which holds its previous value in one or more paths through the always construct
Warning (10027): Verilog HDL or VHDL warning at the i2c_ctrl.v(285): index expression is not wide enough to address all of the elements in the array
Warning (10240): Verilog HDL Always Construct warning at i2c_ctrl.v(262): inferring latch(es) for variable "i2c_sda_reg", which holds its previous value in one or more paths through the always construct
Warning (10240): Verilog HDL Always Construct warning at i2c_ctrl.v(262): inferring latch(es) for variable "rd_data_reg", which holds its previous value in one or more paths through the always construct
Info (10041): Inferred latch for "rd_data_reg[0]" at i2c_ctrl.v(262)
Info (10041): Inferred latch for "rd_data_reg[1]" at i2c_ctrl.v(262)
Info (10041): Inferred latch for "rd_data_reg[2]" at i2c_ctrl.v(262)
Info (10041): Inferred latch for "rd_data_reg[3]" at i2c_ctrl.v(262)
Info (10041): Inferred latch for "rd_data_reg[4]" at i2c_ctrl.v(262)
Info (10041): Inferred latch for "rd_data_reg[5]" at i2c_ctrl.v(262)
Info (10041): Inferred latch for "rd_data_reg[6]" at i2c_ctrl.v(262)
Info (10041): Inferred latch for "rd_data_reg[7]" at i2c_ctrl.v(262)
Info (10041): Inferred latch for "i2c_sda_reg" at i2c_ctrl.v(262)
Info (10041): Inferred latch for "ack" at i2c_ctrl.v(224)
Info (12128): Elaborating entity "ov5640_cfg" for hierarchy "ov5640_cfg:ov5640_cfg_inst"
Info (12128): Elaborating entity "ov5640_data" for hierarchy "ov5640_data:ov5640_data_inst"
Warning (14026): LATCH primitive "i2c_ctrl:i2c_ctrl_inst|i2c_sda_reg" is permanently enabled
Warning (14026): LATCH primitive "i2c_ctrl:i2c_ctrl_inst|i2c_sda_reg" is permanently enabled
Warning (12241): 1 hierarchies have connectivity warnings - see the Connectivity Checks report folder
Warning (13046): Tri-state node(s) do not directly drive top-level pin(s)
    Warning (13047): Converted the fan-out from the tri-state buffer "i2c_ctrl:i2c_ctrl_inst|i2c_sda" to the node "i2c_ctrl:i2c_ctrl_inst|ack" into an OR gate
Info (13000): Registers with preset signals will power-up high
Info (13003): DEV_CLRn pin will set, and not reset, register with preset signal due to NOT Gate Push-Back
Warning (13024): Output pins are stuck at VCC or GND
    Warning (13410): Pin "cfg_done" is stuck at GND
Info (286030): Timing-Driven Synthesis is running
Info (17049): 4 registers lost all their fanouts during netlist optimizations.
Info (144001): Generated suppressed messages file F:/CODE/ov5640_vga/prj/output_files/ov5640_vga.map.smsg
Info (16010): Generating hard_block partition "hard_block:auto_generated_inst"
    Info (16011): Adding 0 node(s), including 0 DDIO, 0 PLL, 0 transceiver and 0 LCELL
Info (21057): Implemented 141 device resources after synthesis - the final resource count might be different
    Info (21058): Implemented 14 input pins
    Info (21059): Implemented 20 output pins
    Info (21061): Implemented 107 logic cells
Info: Quartus II 64-Bit Analysis & Synthesis was successful. 0 errors, 14 warnings
    Info: Peak virtual memory: 4724 megabytes
    Info: Processing ended: Mon Mar 27 12:25:34 2023
    Info: Elapsed time: 00:00:02
    Info: Total CPU time (on all processors): 00:00:02


+------------------------------------------+
; Analysis & Synthesis Suppressed Messages ;
+------------------------------------------+
The suppressed messages can be found in F:/CODE/ov5640_vga/prj/output_files/ov5640_vga.map.smsg.


