Flow report for ov5640_vga
Mon Mar 27 12:25:49 2023
Quartus II 64-Bit Version 13.1.0 Build 162 10/23/2013 SJ Full Version


---------------------
; Table of Contents ;
---------------------
  1. Legal Notice
  2. Flow Summary
  3. Flow Settings
  4. Flow Non-Default Global Settings
  5. Flow Elapsed Time
  6. Flow OS Summary
  7. Flow Log
  8. Flow Messages
  9. Flow Suppressed Messages



----------------
; Legal Notice ;
----------------
Copyright (C) 1991-2013 Altera Corporation
Your use of Altera Corporation's design tools, logic functions 
and other software and tools, and its AMPP partner logic 
functions, and any output files from any of the foregoing 
(including device programming or simulation files), and any 
associated documentation or information are expressly subject 
to the terms and conditions of the Altera Program License 
Subscription Agreement, Altera MegaCore Function License 
Agreement, or other applicable license agreement, including, 
without limitation, that your use is for the sole purpose of 
programming logic devices manufactured by Altera and sold by 
Altera or its authorized distributors.  Please refer to the 
applicable agreement for further details.



+----------------------------------------------------------------------------------+
; Flow Summary                                                                     ;
+------------------------------------+---------------------------------------------+
; Flow Status                        ; Successful - Mon Mar 27 12:25:49 2023       ;
; Quartus II 64-Bit Version          ; 13.1.0 Build 162 10/23/2013 SJ Full Version ;
; Revision Name                      ; ov5640_vga                                  ;
; Top-level Entity Name              ; ov5640_top                                  ;
; Family                             ; Cyclone IV GX                               ;
; Total logic elements               ; 89 / 14,400 ( < 1 % )                       ;
;     Total combinational functions  ; 88 / 14,400 ( < 1 % )                       ;
;     Dedicated logic registers      ; 67 / 14,400 ( < 1 % )                       ;
; Total registers                    ; 67                                          ;
; Total pins                         ; 34 / 81 ( 42 % )                            ;
; Total virtual pins                 ; 0                                           ;
; Total memory bits                  ; 0 / 552,960 ( 0 % )                         ;
; Embedded Multiplier 9-bit elements ; 0                                           ;
; Total GXB Receiver Channel PCS     ; 0 / 2 ( 0 % )                               ;
; Total GXB Receiver Channel PMA     ; 0 / 2 ( 0 % )                               ;
; Total GXB Transmitter Channel PCS  ; 0 / 2 ( 0 % )                               ;
; Total GXB Transmitter Channel PMA  ; 0 / 2 ( 0 % )                               ;
; Total PLLs                         ; 0 / 3 ( 0 % )                               ;
; Device                             ; EP4CGX15BF14C6                              ;
; Timing Models                      ; Final                                       ;
+------------------------------------+---------------------------------------------+


+-----------------------------------------+
; Flow Settings                           ;
+-------------------+---------------------+
; Option            ; Setting             ;
+-------------------+---------------------+
; Start date & time ; 03/27/2023 12:25:32 ;
; Main task         ; Compilation         ;
; Revision Name     ; ov5640_vga          ;
+-------------------+---------------------+


+-------------------------------------------------------------------------------------------------------------------+
; Flow Non-Default Global Settings                                                                                  ;
+-------------------------------------+------------------------------+---------------+-------------+----------------+
; Assignment Name                     ; Value                        ; Default Value ; Entity Name ; Section Id     ;
+-------------------------------------+------------------------------+---------------+-------------+----------------+
; COMPILER_SIGNATURE_ID               ; 186414539103.167989113210488 ; --            ; --          ; --             ;
; EDA_OUTPUT_DATA_FORMAT              ; Vhdl                         ; --            ; --          ; eda_simulation ;
; EDA_SIMULATION_TOOL                 ; ModelSim-Altera (VHDL)       ; <None>        ; --          ; --             ;
; PARTITION_COLOR                     ; 16764057                     ; --            ; ov5640_top  ; Top            ;
; PARTITION_FITTER_PRESERVATION_LEVEL ; PLACEMENT_AND_ROUTING        ; --            ; ov5640_top  ; Top            ;
; PARTITION_NETLIST_TYPE              ; SOURCE                       ; --            ; ov5640_top  ; Top            ;
; PROJECT_OUTPUT_DIRECTORY            ; output_files                 ; --            ; --          ; --             ;
; TOP_LEVEL_ENTITY                    ; ov5640_top                   ; ov5640_vga    ; --          ; --             ;
+-------------------------------------+------------------------------+---------------+-------------+----------------+


+-------------------------------------------------------------------------------------------------------------------------------+
; Flow Elapsed Time                                                                                                             ;
+---------------------------+--------------+-------------------------+---------------------+------------------------------------+
; Module Name               ; Elapsed Time ; Average Processors Used ; Peak Virtual Memory ; Total CPU Time (on all processors) ;
+---------------------------+--------------+-------------------------+---------------------+------------------------------------+
; Analysis & Synthesis      ; 00:00:01     ; 1.0                     ; 4724 MB             ; 00:00:02                           ;
; Fitter                    ; 00:00:06     ; 1.0                     ; 6205 MB             ; 00:00:09                           ;
; Assembler                 ; 00:00:01     ; 1.0                     ; 4652 MB             ; 00:00:01                           ;
; TimeQuest Timing Analyzer ; 00:00:02     ; 1.0                     ; 4811 MB             ; 00:00:02                           ;
; EDA Netlist Writer        ; 00:00:00     ; 1.0                     ; 4606 MB             ; 00:00:01                           ;
; Total                     ; 00:00:10     ; --                      ; --                  ; 00:00:15                           ;
+---------------------------+--------------+-------------------------+---------------------+------------------------------------+


+----------------------------------------------------------------------------------------+
; Flow OS Summary                                                                        ;
+---------------------------+------------------+-----------+------------+----------------+
; Module Name               ; Machine Hostname ; OS Name   ; OS Version ; Processor type ;
+---------------------------+------------------+-----------+------------+----------------+
; Analysis & Synthesis      ; DESKTOP-LSEIDO6  ; Windows 7 ; 6.2        ; x86_64         ;
; Fitter                    ; DESKTOP-LSEIDO6  ; Windows 7 ; 6.2        ; x86_64         ;
; Assembler                 ; DESKTOP-LSEIDO6  ; Windows 7 ; 6.2        ; x86_64         ;
; TimeQuest Timing Analyzer ; DESKTOP-LSEIDO6  ; Windows 7 ; 6.2        ; x86_64         ;
; EDA Netlist Writer        ; DESKTOP-LSEIDO6  ; Windows 7 ; 6.2        ; x86_64         ;
+---------------------------+------------------+-----------+------------+----------------+


------------
; Flow Log ;
------------
quartus_map --read_settings_files=on --write_settings_files=off ov5640_vga -c ov5640_vga
quartus_fit --read_settings_files=off --write_settings_files=off ov5640_vga -c ov5640_vga
quartus_asm --read_settings_files=off --write_settings_files=off ov5640_vga -c ov5640_vga
quartus_sta ov5640_vga -c ov5640_vga
quartus_eda --read_settings_files=off --write_settings_files=off ov5640_vga -c ov5640_vga



